[diri.isb.edu/en.html]
[backblue.gif]
[fade.gif]
[index.html]
[diri.isb.edu/content/dam/sites/diri/DIRI.png]
[diri.isb.edu/en/contact-us.html]
[diri.isb.edu/content/dam/sites/diri/DIRI-Banner-1920-585.png.transform/isb-carouselBanner-desktop/img.jpg]
[diri.isb.edu/content/dam/sites/isb/images/res-img01.jpg]
[diri.isb.edu/content/dam/sites/isb/images/res-img02.jpg]
[diri.isb.edu/content/dam/sites/diri/DIRI-Banner-1920-585.png.transform/isb-carouselBanner-mobile/img.jpg]
[diri.isb.edu/content/dam/sites/isb/images/res-img03.jpg]
[diri.isb.edu/content/dam/sites/diri/slider 1.jpg.transform/isb-carouselBanner-desktop/img.jpg]
[diri.isb.edu/content/dam/sites/diri/slider 1.jpg.transform/isb-carouselBanner-mobile/img.jpg]
[diri.isb.edu/content/dam/sites/diri/3.jpg.transform/isb-carouselBanner-desktop/img.jpg]
[diri.isb.edu/content/dam/sites/diri/3.jpg.transform/isb-carouselBanner-mobile/img.jpg]
[diri.isb.edu/en/about.html]
[diri.isb.edu/content/dam/sites/isb/research-thought-leadership/faculty/352x234/Bhagwan-Chowdhary-352x234.jpg]
[diri.isb.edu/en/community/blog-grid/choice-based-reforms-in-delivering-food-security--analysis-of-an11.html]
[diri.isb.edu/en/community/blog-grid/choice-based-reforms-in-delivering-food-security--analysis-of-an12.html]
[diri.isb.edu/content/dam/sites/diri/Mgnrega and Aadhaar.jpg]
[diri.isb.edu/en/community/blog-grid/aadhaar-authentication-failure-in-the-public-distribution-system1.html]
[diri.isb.edu/en/community/blog-grid/-a-friend-indeed--does-the-use-of-digital-identity-make-welfare-1.html]
[diri.isb.edu/content/dam/sites/diri/dbafd523367073.56047db6545e81.jpg]
[diri.isb.edu/en/community/blog-grid52f5.html]
[diri.isb.edu/content/dam/sites/diri/Firstpost and Aadhar (2).png]
[diri.isb.edu/content/dam/sites/diri/India Health Dashboard (2).png]
[diri.isb.edu/content/dam/sites/diri/NREGA Distress (2).png]
[diri.isb.edu/content/dam/sites/diri/Aadhar in Newsmedia (2).png]
[diri.isb.edu/en/steering-committee.html]
[diri.isb.edu/en/AffiliatedFaculty.html]
[diri.isb.edu/en/our-people.html]
[diri.isb.edu/en/work-with-us0.html]
[diri.isb.edu/content/dam/sites/diri/newsarticle.png]
[diri.isb.edu/en/news-events/news-grid52f5.html]
[diri.isb.edu/en/news-events/events-grid52f5.html]
[diri.isb.edu/content/dam/sites/diri/DIRI-Connect.png]
[diri.isb.edu/en/sitemap.html]
[diri.isb.edu/en/legal/privacy-policy.html]
[diri.isb.edu/en/legal/terms-conditions.html]
[diri.isb.edu/en/legal/non-discrimination.html]
[diri.isb.edu/en/rss.html]
[diri.isb.edu/content/dam/sites/isb/icons/close2.jpg]
[diri.isb.edu/etc.clientlibs/clientlibs/granite/jquery.min.js]
[diri.isb.edu/etc.clientlibs/isb/clientlibs/clientlib-base.min.js]
[diri.isb.edu/en.html]
[diri.isb.edu/content/dam/sites/isb/images/vision-bg.jpg]
[diri.isb.edu/content/dam/sites/isb/images/vision-bg-m.jpg]
[diri.isb.edu/content/dam/sites/isb/images/address-bg.jpg]
[diri.isb.edu/content/dam/sites/isb/images/address-bg-m.jpg]
[diri.isb.edu/content/dam/sites/isb/images/mission-img01.jpg]
[diri.isb.edu/content/dam/sites/isb/images/mission-img01-m.jpg]
[diri.isb.edu/content/dam/sites/isb/images/mission-img02.jpg]
[diri.isb.edu/content/dam/sites/isb/images/mission-img02-m.jpg]
[diri.isb.edu/content/dam/sites/isb/images/mission-img03.jpg]
[diri.isb.edu/content/dam/sites/isb/images/mission-img03-m.jpg]
[diri.isb.edu/content/dam/sites/isb/images/mission-img04.jpg]
[diri.isb.edu/content/dam/sites/isb/images/mission-img04-m.jpg]
[diri.isb.edu/content/dam/sites/isb/images/pattern2.gif]
[diri.isb.edu/content/dam/sites/isb/images/pattern1.gif]
[diri.isb.edu/content/dam/sites/isb/images/advantage-banner01-m.jpg]
[diri.isb.edu/content/dam/sites/isb/images/comunity05.jpg]
[diri.isb.edu/content/dam/sites/isb/images/download-icon.png]
[diri.isb.edu/content/dam/sites/isb/icons/sep.gif]
[diri.isb.edu/content/dam/sites/isb/images/experience-bg.jpg]
[diri.isb.edu/content/dam/sites/isb/images/advantage-bg-m.jpg]
[diri.isb.edu/content/dam/sites/isb/images/pin-icon.png]
[diri.isb.edu/content/dam/sites/isb/images/doc-adms-icon.png]
[diri.isb.edu/content/dam/sites/isb/images/right-arrow.png]
[diri.isb.edu/content/dam/sites/isb/icons/AM45-mainsite-square-bullet.jpg]
[diri.isb.edu/content/dam/sites/isb/icons/AM45-sublist-square-bullet.jpg]
[diri.isb.edu/etc.clientlibs/isb/clientlibs/clientlib-base/resources/fonts/Gilroy-Regulard41d.eot]
[diri.isb.edu/etc.clientlibs/isb/clientlibs/clientlib-base/resources/fonts/Gilroy-Regular.woff]
[diri.isb.edu/etc.clientlibs/isb/clientlibs/clientlib-base/resources/fonts/Gilroy-Regular.ttf]
[diri.isb.edu/etc.clientlibs/isb/clientlibs/clientlib-base/resources/fonts/Gilroy-Mediumd41d.eot]
[diri.isb.edu/etc.clientlibs/isb/clientlibs/clientlib-base/resources/fonts/Gilroy-Medium.woff]
[diri.isb.edu/etc.clientlibs/isb/clientlibs/clientlib-base/resources/fonts/Gilroy-Medium.ttf]
[diri.isb.edu/etc.clientlibs/isb/clientlibs/clientlib-base/resources/fonts/Gilroy-Boldd41d.eot]
[diri.isb.edu/etc.clientlibs/isb/clientlibs/clientlib-base/resources/fonts/Gilroy-Bold.woff]
[diri.isb.edu/etc.clientlibs/isb/clientlibs/clientlib-base/resources/fonts/Gilroy-Bold.ttf]
[diri.isb.edu/etc.clientlibs/isb/clientlibs/clientlib-base/resources/fonts/Gilroy-ExtraBoldd41d.eot]
[diri.isb.edu/etc.clientlibs/isb/clientlibs/clientlib-base/resources/fonts/Gilroy-ExtraBold.woff]
[diri.isb.edu/etc.clientlibs/isb/clientlibs/clientlib-base/resources/fonts/Gilroy-ExtraBold.ttf]
[diri.isb.edu/etc.clientlibs/isb/clientlibs/clientlib-base/resources/fonts/glyphicons-halflings-regulard41d.eot]
[diri.isb.edu/etc.clientlibs/isb/clientlibs/clientlib-base/resources/fonts/glyphicons-halflings-regular.woff]
[diri.isb.edu/etc.clientlibs/isb/clientlibs/clientlib-base/resources/fonts/glyphicons-halflings-regular.woff2]
[diri.isb.edu/etc.clientlibs/isb/clientlibs/clientlib-base/resources/fonts/glyphicons-halflings-regular.ttf]
[diri.isb.edu/etc.clientlibs/isb/clientlibs/clientlib-base.min.css]
[diri.isb.edu/index.html]
[diri.isb.edu/en/contact-us.html]
[diri.isb.edu/content/dam/sites/isb/icons/search.svg]
[diri.isb.edu/content/dam/sites/isb/icons/menu1.svg]
[diri.isb.edu/content/dam/sites/isb/icons/close.svg]
[diri.isb.edu/content/dam/sites/isb/icons/left-arw.svg]
[diri.isb.edu/en/about.html]
[diri.isb.edu/content/dam/sites/diri/DataBrief_MGNREGA_Payment_Misdirection.pdf]
[diri.isb.edu/en/community/blog-grid/choice-based-reforms-in-delivering-food-security--analysis-of-an11.html]
[diri.isb.edu/content/dam/sites/diri/Misdirected wage payments in Jharkand.html]
[diri.isb.edu/en/community/blog-grid/choice-based-reforms-in-delivering-food-security--analysis-of-an12.html]
[diri.isb.edu/en/community/blog-grid/aadhaar-authentication-failure-in-the-public-distribution-system1.html]
[diri.isb.edu/content/dam/sites/diri/SSRN-id3201746.pdf]
[diri.isb.edu/en/community/blog-grid/-a-friend-indeed--does-the-use-of-digital-identity-make-welfare-1.html]
[diri.isb.edu/content/dam/sites/isb/images/logo.png]
[diri.isb.edu/en/news-events.html]
[diri.isb.edu/etc.clientlibs/isb/components/content/localsearch/bloggrid.min.js]
[diri.isb.edu/en/community.html]
[diri.isb.edu/content/dam/sites/isb/about-isb/Kellogg-F.png]
[diri.isb.edu/content/dam/sites/isb/about-isb/Wharton.png]
[diri.isb.edu/content/dam/sites/isb/about-isb/London_Business_School.png]
[diri.isb.edu/content/dam/sites/isb/about-isb/MIT_Sloan1.png]
[diri.isb.edu/content/dam/sites/isb/about-isb/Fletchers-New-F.png]
[diri.isb.edu/content/dam/sites/isb/about-isb/AACSB-F.png]
[diri.isb.edu/content/dam/sites/isb/about-isb/AMBA-icon.jpg]
[diri.isb.edu/content/dam/sites/isb/images/equis.jpg]
[diri.isb.edu/en/community/blog-grid52f5.html]
[diri.isb.edu/en/visualisations/firstpost-and-aadhar.html]
[diri.isb.edu/en/Data-Portals.html]
[diri.isb.edu/content/dam/sites/diri/Abhishek-Sinha..jpg]
[diri.isb.edu/content/dam/sites/diri/WhatsApp-Image-2020-01-10-at-1.09.55-PM-4-300x300.jpg]
[diri.isb.edu/content/dam/sites/diri/Prof-Raj-Srivatsa-300x254.jpg]
[diri.isb.edu/content/dam/sites/diri/Shloka-Nath.jpg]
[diri.isb.edu/content/dam/sites/diri/Ashwini-Chattre-2-3-300x300.jpg]
[diri.isb.edu/content/dam/sites/diri/Pawan-Bakhshi..jpg]
[diri.isb.edu/content/dam/sites/diri/Dr. Ram Sewak-Sharma.jpg]
[diri.isb.edu/content/dam/sites/diri/wide-9297-300x300.jpg]
[diri.isb.edu/content/dam/sites/diri/Bhagawan-Choudhary-1-2-300x281.jpg]
[diri.isb.edu/content/dam/sites/diri/Prasanna-Tantri-1-2-300x300.jpg]
[diri.isb.edu/content/dam/sites/diri/Shashwat Alok.jpg]
[diri.isb.edu/content/dam/sites/diri/ub_desai1-3-918x1024-300x300.jpg]
[diri.isb.edu/content/dam/sites/diri/Malavika-1024x1024.jpg]
[diri.isb.edu/content/dam/sites/diri/9L0A2077-2-300x276.jpg]
[diri.isb.edu/content/dam/sites/diri/Ms.-Shilpa-Kumar_Apr-19-1-300x300.jpg]
[diri.isb.edu/en/steering-committee.html]
[diri.isb.edu/content/dam/sites/diri/ptfinal.png]
[diri.isb.edu/content/dam/sites/diri/sade.jpg]
[diri.isb.edu/content/dam/sites/diri/unnamed-1-300x300.jpg]
[diri.isb.edu/content/dam/sites/diri/srde.jpg]
[diri.isb.edu/en/AffiliatedFaculty.html]
[diri.isb.edu/content/dam/sites/diri/Aditya Murlidharan.jpg]
[diri.isb.edu/content/dam/sites/diri/Anirudh.jpg]
[diri.isb.edu/content/dam/sites/diri/Deepanshi-Gilhotra-Research-Associate-1-150x150.jpg]
[diri.isb.edu/content/dam/sites/diri/ghosticon.png]
[diri.isb.edu/content/dam/sites/diri/Manu-Devansh-150x150.jpg]
[diri.isb.edu/content/dam/sites/diri/Kshitijaa-Jaglan-1-300x300.jpg]
[diri.isb.edu/content/dam/sites/diri/Syed Anas- Research Associate.jpg]
[diri.isb.edu/content/dam/sites/diri/Divya-Kunwar-150x150.jpg]
[diri.isb.edu/content/dam/sites/diri/WhatsApp Image 2020-06-19 at 17.02.55 (1).jpg]
[diri.isb.edu/content/dam/sites/diri/Usha Kiran Nimishakavi-Intern.jpg]
[diri.isb.edu/content/dam/sites/diri/Hema-Mani-D-150x150.jpg]
[diri.isb.edu/content/dam/sites/diri/Praveen P.jpg]
[diri.isb.edu/content/dam/sites/diri/prakhar.jpg]
[diri.isb.edu/content/dam/sites/diri/Anjor-Bhaskar-300x300.png]
[diri.isb.edu/content/dam/sites/diri/bidisha-2.jpg]
[diri.isb.edu/content/dam/sites/diri/Kaushik-Bhattacharjee-300x300.jpg]
[diri.isb.edu/content/dam/sites/diri/Navanath-Saharia.jpg]
[diri.isb.edu/content/dam/sites/diri/Pawan-Deep-Singh-300x300.jpg]
[diri.isb.edu/content/dam/sites/diri/Preeti-Singh-300x300.jpg]
[diri.isb.edu/content/dam/sites/diri/Piyali-Ghosh.jpg]
[diri.isb.edu/content/dam/sites/diri/Puran-Singh-300x300.jpg]
[diri.isb.edu/content/dam/sites/diri/Shishendu-Ganguly-300x300.jpg]
[diri.isb.edu/content/dam/sites/diri/Smriti-Parsheera.jpg]
[diri.isb.edu/en/our-people.html]
[diri.isb.edu/en/work-with-us0.html]
[diri.isb.edu/etc.clientlibs/isb/components/content/localsearch/newsgrid.min.js]
[diri.isb.edu/en/news-events/news-grid52f5.html]
[diri.isb.edu/etc.clientlibs/isb/components/content/localsearch/eventgrid.min.js]
[diri.isb.edu/en/news-events/events-grid52f5.html]
[diri.isb.edu/content/dam/sites/isb/icons/twitter-blue.svg]
[diri.isb.edu/content/dam/sites/isb/icons/youtube-blue.svg]
[diri.isb.edu/en/sitemap.html]
[diri.isb.edu/content/dam/sites/isb/icons/go-top.svg]
[diri.isb.edu/en/legal/privacy-policy.html]
[diri.isb.edu/en/legal/terms-conditions.html]
[diri.isb.edu/en/legal/non-discrimination.html]
[diri.isb.edu/content/dam/sites/isb/icons/facebook.svg]
[diri.isb.edu/content/dam/sites/isb/icons/twitter.svg]
[diri.isb.edu/content/dam/sites/isb/icons/linkedin.svg]
[diri.isb.edu/content/dam/sites/isb/icons/instagram.svg]
[diri.isb.edu/content/dam/sites/isb/icons/youtube.svg]
[diri.isb.edu/content/dam/sites/isb/icons/blogger.svg]
[diri.isb.edu/content/dam/sites/isb/images/rss-icon.png]
[diri.isb.edu/en/rss.html]
[diri.isb.edu/content/dam/sites/isb/icons/rss-feed.svg]
[diri.isb.edu/content/dam/sites/isb/icons/leftarrow.svg]
[diri.isb.edu/content/dam/sites/isb/icons/rightarrow.svg]
[diri.isb.edu/content/dam/sites/isb/icons/leftarrow_white.svg]
[diri.isb.edu/content/dam/sites/isb/icons/rightarrow_white.svg]
[diri.isb.edu/content/dam/sites/isb/images/rupee-icon.html]
[diri.isb.edu/content/dam/sites/isb/icons/search_cn.svg]
[diri.isb.edu/content/dam/sites/isb/icons/down-fat-1.svg]
[diri.isb.edu/content/dam/sites/isb/icons/search_c_events.svg]
[diri.isb.edu/content/dam/sites/isb/icons/down-fat.svg]
[diri.isb.edu/content/dam/sites/isb/icons/icon_grid_normal.svg]
[diri.isb.edu/content/dam/sites/isb/icons/icon_grid_active.svg]
[diri.isb.edu/content/dam/sites/isb/icons/icon_listing_normal.svg]
[diri.isb.edu/content/dam/sites/isb/icons/icon_listing_active.svg]
[diri.isb.edu/content/dam/sites/isb/icons/calendar.svg]
[diri.isb.edu/content/dam/sites/isb/icons/calendar_active.html]
[diri.isb.edu/content/dam/sites/isb/icons/down-arw2.svg]
[diri.isb.edu/content/dam/sites/isb/icons/down-arw1.svg]
[diri.isb.edu/content/dam/sites/isb/icons/rightarrow1.svg]
[diri.isb.edu/content/dam/sites/isb/icons/down-arw.svg]
[diri.isb.edu/content/dam/sites/isb/icons/playBtn.svg]
[diri.isb.edu/content/dam/sites/isb/icons/arrow-long-w.html]
[diri.isb.edu/content/dam/sites/isb/icons/arrow-long.svg]
[diri.isb.edu/content/dam/sites/isb/icons/pause-btn.svg]
[diri.isb.edu/content/dam/sites/isb/images/left-shape.html]
[diri.isb.edu/content/dam/sites/isb/images/right-shape.html]
[diri.isb.edu/content/dam/sites/isb/icons/down-fat-blue2.html]
[diri.isb.edu/content/dam/sites/isb/icons/up-w.html]
[diri.isb.edu/content/dam/sites/isb/icons/down-w.svg]
[diri.isb.edu/content/dam/sites/isb/icons/down.svg]
[diri.isb.edu/content/dam/sites/isb/icons/up.svg]
[diri.isb.edu/etc.clientlibs/isb/clientlibs/clientlib-site/fonts/bootstrap/glyphicons-halflings-regular.eot]
[diri.isb.edu/etc.clientlibs/isb/clientlibs/clientlib-site/fonts/bootstrap/glyphicons-halflings-regulard41d.eot]
[diri.isb.edu/etc.clientlibs/isb/clientlibs/clientlib-site/fonts/bootstrap/glyphicons-halflings-regular.html]
[diri.isb.edu/etc.clientlibs/isb/clientlibs/clientlib-site/fonts/bootstrap/glyphicons-halflings-regular.woff]
[diri.isb.edu/etc.clientlibs/isb/clientlibs/clientlib-site/fonts/bootstrap/glyphicons-halflings-regular.ttf]
[diri.isb.edu/etc.clientlibs/isb/clientlibs/clientlib-site/fonts/bootstrap/glyphicons-halflings-regular.svg]
[diri.isb.edu/etc.clientlibs/isb/clientlibs/plugins/css/owl.video.play.png]
[diri.isb.edu/etc.clientlibs/isb/clientlibs/plugins/css/images/ui-icons_444444_256x240.png]
[diri.isb.edu/etc.clientlibs/isb/clientlibs/plugins/css/images/ui-icons_555555_256x240.png]
[diri.isb.edu/etc.clientlibs/isb/clientlibs/plugins/css/images/ui-icons_ffffff_256x240.png]
[diri.isb.edu/etc.clientlibs/isb/clientlibs/plugins/css/images/ui-icons_777620_256x240.png]
[diri.isb.edu/etc.clientlibs/isb/clientlibs/plugins/css/images/ui-icons_cc0000_256x240.png]
[diri.isb.edu/etc.clientlibs/isb/clientlibs/plugins/css/images/ui-icons_777777_256x240.png]
[diri.isb.edu/etc.clientlibs/isb/clientlibs/plugins/css/fonts/slick.eot]
[diri.isb.edu/etc.clientlibs/isb/clientlibs/plugins/css/fonts/slickd41d.eot]
[diri.isb.edu/etc.clientlibs/isb/clientlibs/plugins/css/fonts/slick.woff]
[diri.isb.edu/etc.clientlibs/isb/clientlibs/plugins/css/fonts/slick.ttf]
[diri.isb.edu/etc.clientlibs/isb/clientlibs/plugins/css/fonts/slick.svg]
[diri.isb.edu/en/alumni.html]
[diri.isb.edu/en/hire-from-isb.html]
[diri.isb.edu/content/dam/sites/isb/images/news-banner.jpg]
[diri.isb.edu/content/dam/sites/isb/images/news-banner-m.jpg]
[diri.isb.edu/content/dam/sites/isb/images/news-thumb-1.jpg]
[diri.isb.edu/en/news-events/events-grid.html]
[diri.isb.edu/content/dam/sites/isb/images/news-banner01.jpg]
[diri.isb.edu/content/dam/sites/isb/images/news-banner01-m.jpg]
[diri.isb.edu/en/news-events/news-grid/isb-triple-crown312.html]
[diri.isb.edu/en/news-events52f5.html]
[diri.isb.edu/content/dam/sites/isb/images/gallery-img.jpg]
[diri.isb.edu/content/dam/sites/isb/images/gallery-img-2.jpg]
[diri.isb.edu/en/news-events.html]
[diri.isb.edu/en/careers/careers-at-isb.html]
[diri.isb.edu/en/give.html]
[diri.isb.edu/en/about-isb.html]
[diri.isb.edu/en/about-isb/leadership.html]
[diri.isb.edu/en/about-isb/isb-advantage.html]
[diri.isb.edu/en/about-isb/partnerships-associations.html]
[diri.isb.edu/en/about-isb/history-milestones.html]
[diri.isb.edu/en/study-isb.html]
[diri.isb.edu/en/study-isb/post-graduate-programmes.html]
[diri.isb.edu/en/study-isb/advanced-management-programmes.html]
[diri.isb.edu/en/study-isb/doctoral-studies.html]
[diri.isb.edu/en/executive-education.html]
[diri.isb.edu/en/executive-education/online-programmes.html]
[diri.isb.edu/en/executive-education/open-programmes.html]
[diri.isb.edu/en/executive-education/custom-programmes.html]
[diri.isb.edu/en/executive-education/find-program.html]
[diri.isb.edu/en/research-thought-leadership.html]
[diri.isb.edu/en/research-thought-leadership/faculty/area-leaders.html]
[diri.isb.edu/en/research-thought-leadership/faculty/programme-leaders.html]
[diri.isb.edu/en/research-thought-leadership/faculty/faculty-directory.html]
[diri.isb.edu/en/research-thought-leadership/research-grid.html]
[diri.isb.edu/en/research-thought-leadership/research-centres-institutes.html]
[diri.isb.edu/en/research-thought-leadership/initiatives.html]
[diri.isb.edu/en/research-thought-leadership/faculty/faculty-recruitment.html]
[diri.isb.edu/en/study-isb/post-graduate-programmes/pgp-management.html]
[diri.isb.edu/en/study-isb/post-graduate-programmes/pgpmax.html]
[diri.isb.edu/en/study-isb/post-graduate-programmes/pgppro.html]
[diri.isb.edu/en/study-isb/post-graduate-programmes/pgpmfab.html]
[diri.isb.edu/en/study-isb/advanced-management-programmes/business-analytics.html]
[diri.isb.edu/en/demo-pages/amph.html]
[diri.isb.edu/en/study-isb/advanced-management-programmes/ampi.html]
[diri.isb.edu/en/study-isb/advanced-management-programmes/ampmo.html]
[diri.isb.edu/en/study-isb/advanced-management-programmes/amppp.html]
[diri.isb.edu/en/study-isb/doctoral-studies/fellow-programme-management.html]
[diri.isb.edu/en/study-isb/doctoral-studies/executive-fellow-programme-management.html]
[diri.isb.edu/en/find-program.html]
[diri.isb.edu/en/program-finder-comparison.html]
[diri.isb.edu/content/sites/isb/en/search.html]
[diri.isb.edu/content/dam/sites/isb/icons/close-w.svg]
[diri.isb.edu/content/dam/sites/isb/images/comunity01.jpg]
[diri.isb.edu/content/dam/sites/isb/images/comunity01-m.jpg]
[diri.isb.edu/content/dam/sites/isb/images/comunity02.jpg]
[diri.isb.edu/content/dam/sites/isb/images/comunity02-m.jpg]
[diri.isb.edu/content/dam/sites/isb/images/comunity03.jpg]
[diri.isb.edu/content/dam/sites/isb/images/CommunityNet01.jpg]
[diri.isb.edu/content/dam/sites/isb/images/comunity07-a.jpg]
[diri.isb.edu/content/dam/sites/isb/images/comunity07-b.jpg]
[diri.isb.edu/en/community.html]
[diri.isb.edu/en/connect.html]
[diri.isb.edu/en/faro.html]
[diri.isb.edu/en/research-thought-leadership/initiatives/learning-resource-centre.html]
[diri.isb.edu/en/search.html]
[diri.isb.edu/en/news-events/events-grid.html]
[diri.isb.edu/en/news-events/news-grid.html]
[diri.isb.edu/en/news-events/news-grid/isb-triple-crown312.html]
[diri.isb.edu/en/news-events52f5.html]
[diri.isb.edu/en/give/giiving-back-75.html]
[diri.isb.edu/content/sites/diri.html]
[diri.isb.edu/en/news-events/news-grid.html]
[diri.isb.edu/en/community/blog-grid.feed-blog.xml]
[diri.isb.edu/en/news-events/news-grid.feed-news.xml]
[diri.isb.edu/en/news-events/events-grid.feed-events.xml]
